<?xml version="1.0" encoding="UTF-8"?>
<!-- Generated by org.testng.reporters.JUnitReportReporter -->
<testsuite hostname="Akhil" failures="0" tests="2" name="com.actitime.testscript.CustomerModule" time="23.353" errors="0" timestamp="2024-12-20T06:36:18 IST" skipped="0">
  <testcase classname="com.actitime.testscript.CustomerModule" name="AddCustomer" time="12.643"/>
  <system-out>
    <![CDATA[AddCustomer Passed]]>
  </system-out>
  <testcase classname="com.actitime.testscript.CustomerModule" name="deleteCustomer" time="10.710"/>
  <system-out>
    <![CDATA[deleteCustomer Passed]]>
  </system-out>
</testsuite> <!-- com.actitime.testscript.CustomerModule -->
